[2026-05-24 00:24:51] === RaízMiTierra Build & Deploy ===
[2026-05-24 00:24:51] Working directory: /home/home/raizmitierra
[2026-05-24 00:24:51] Ejecutando: python3 cli.py build
RAIZMITIERRA - Build

  cdmx/centro/cd001.md  OK Tianguis de La Lagunilla — El Salto del Agua [tianguis] (5 comentarios)
  cdmx/centro/cd002.md  OK Tianguis de Tepito — Barrio Bravo [tianguis] (5 comentarios)
  cdmx/centro/cd003.md  OK Mercado de Sonora — Brujería y Tradición [tianguis] (5 comentarios)
  cdmx/centro/cd004.md  OK Mercado de La Merced — El Gigante del Centro [tianguis] (5 comentarios)
  cdmx/centro/cd005.md  OK Mercado de San Juan — Sabores del Mundo [tianguis] (5 comentarios)
  cdmx/centro/cd006.md  OK Tianguis de Peralvillo — Ropa y Tradición [tianguis] (5 comentarios)
  cdmx/centro/la_lagunilla_tianguis_de_antigüedades.md  OK La Lagunilla — Tianguis de Antigüedades [tianguis] (9 comentarios)
  cdmx/centro/mercado_de_la_merced.md  OK Mercado de La Merced [tianguis] (9 comentarios)
  cdmx/centro/mercado_de_san_juan_tianguis_gourmet.md  OK Mercado de San Juan — Tianguis Gourmet [tianguis] (9 comentarios)
  cdmx/centro/mercado_de_sonora_tianguis_de_lo_esoterico.md  OK Mercado de Sonora — Tianguis de lo Esotérico [tianguis] (9 comentarios)
  cdmx/centro/tepito_barrio_bravo.md  OK Tepito — Barrio Bravo [tianguis] (9 comentarios)
  cdmx/centro/tianguis_de_balandrano.md  OK Tianguis de Balandrano [tianguis] (9 comentarios)
  cdmx/centro/tianguis_de_doctores.md  OK Tianguis de Doctores [tianguis] (9 comentarios)
  cdmx/centro/tianguis_de_la_lagunilla_antigüedades_y_arte_(saba.md  OK Tianguis de la Lagunilla — Antigüedades y Arte (Sábado-Domingo) [tianguis] (9 comentarios)
  cdmx/centro/tianguis_de_la_lagunilla_discos_y_coleccionismo_(s.md  OK Tianguis de la Lagunilla — Discos y Coleccionismo (Sábado) [tianguis] (9 comentarios)
  cdmx/centro/tianguis_de_la_lagunilla_ropa_(jueves).md  OK Tianguis de la Lagunilla — Ropa (Jueves) [tianguis] (9 comentarios)
  cdmx/centro/tianguis_de_la_merced_ropa_y_accesorios.md  OK Tianguis de la Merced — Ropa y Accesorios [tianguis] (9 comentarios)
  cdmx/centro/tianguis_de_morelos_el_baratillo.md  OK Tianguis de Morelos — El Baratillo [tianguis] (9 comentarios)
  cdmx/centro/tianguis_de_peralvillo.md  OK Tianguis de Peralvillo [tianguis] (9 comentarios)
  cdmx/centro/tianguis_de_ramos_millan.md  OK Tianguis de Ramos Millán [tianguis] (9 comentarios)
  cdmx/centro/tianguis_de_san_lazaro_ropa_y_accesorios.md  OK Tianguis de San Lázaro — Ropa y Accesorios [tianguis] (9 comentarios)
  cdmx/norte/cd011.md  OK Tianguis de San Felipe de Jesús — La San Feroz [tianguis] (5 comentarios)
  cdmx/norte/tianguis_de_aragon_la_villa.md  OK Tianguis de Aragón — La Villa [tianguis] (9 comentarios)
  cdmx/norte/tianguis_de_azcapotzalco_centro.md  OK Tianguis de Azcapotzalco — Centro [tianguis] (9 comentarios)
  cdmx/norte/tianguis_de_chalma_de_guadalupe.md  OK Tianguis de Chalma de Guadalupe [tianguis] (9 comentarios)
  cdmx/norte/tianguis_de_cuautepec_barrio_alto.md  OK Tianguis de Cuautepec — Barrio Alto [tianguis] (9 comentarios)
  cdmx/norte/tianguis_de_industrial_vallejo.md  OK Tianguis de Industrial Vallejo [tianguis] (9 comentarios)
  cdmx/norte/tianguis_de_la_lagunilla_norte_gustavo_a._madero.md  OK Tianguis de La Lagunilla Norte — Gustavo A. Madero [tianguis] (9 comentarios)
  cdmx/norte/tianguis_de_la_raza_pulgas_y_ropa.md  OK Tianguis de La Raza — Pulgas y Ropa [tianguis] (9 comentarios)
  cdmx/norte/tianguis_de_lindavista_vallejo.md  OK Tianguis de Lindavista — Vallejo [tianguis] (9 comentarios)
  cdmx/norte/tianguis_de_santa_isabel_tola.md  OK Tianguis de Santa Isabel Tola [tianguis] (9 comentarios)
  cdmx/norte/tianguis_san_felipe_de_jesus_la_san_feroz.md  OK Tianguis San Felipe de Jesús — La San Feroz [tianguis] (9 comentarios)
  cdmx/oriente/cd009.md  OK Tianguis de El Salado — El Más Grande de Iztapalapa [tianguis] (5 comentarios)
  cdmx/oriente/cd010.md  OK Tianguis de Santa Cruz Meyehualco — El Corazón de Iztapalapa [tianguis] (5 comentarios)
  cdmx/oriente/tianguis_de_acatitla_la_paz_oriente.md  OK Tianguis de Acatitla — La Paz Oriente [tianguis] (9 comentarios)
  cdmx/oriente/tianguis_de_apatlaco_iztacalco.md  OK Tianguis de Apatlaco — Iztacalco [tianguis] (9 comentarios)
  cdmx/oriente/tianguis_de_el_salado_zona_nocturna_(martes_noche).md  OK Tianguis de El Salado — Zona Nocturna (Martes noche) [tianguis] (9 comentarios)
  cdmx/oriente/tianguis_de_iztapalapa_centro_ermita.md  OK Tianguis de Iztapalapa Centro — Ermita [tianguis] (9 comentarios)
  cdmx/oriente/tianguis_de_la_coatlicue_iztapalapa.md  OK Tianguis de la Coatlicue — Iztapalapa [tianguis] (9 comentarios)
  cdmx/oriente/tianguis_de_la_purisima_iztacalco.md  OK Tianguis de La Purísima — Iztacalco [tianguis] (9 comentarios)
  cdmx/oriente/tianguis_de_san_andres_tetepilco.md  OK Tianguis de San Andrés Tetepilco [tianguis] (9 comentarios)
  cdmx/oriente/tianguis_de_san_juan_xalpa.md  OK Tianguis de San Juan Xalpa [tianguis] (9 comentarios)
  cdmx/oriente/tianguis_de_san_lorenzo_tezonco.md  OK Tianguis de San Lorenzo Tezonco [tianguis] (9 comentarios)
  cdmx/oriente/tianguis_de_san_miguel_teotongo.md  OK Tianguis de San Miguel Teotongo [tianguis] (9 comentarios)
  cdmx/oriente/tianguis_de_santa_cruz_meyehualco.md  OK Tianguis de Santa Cruz Meyehualco [tianguis] (9 comentarios)
  cdmx/oriente/tianguis_de_santa_maria_aztahuacan.md  OK Tianguis de Santa María Aztahuacán [tianguis] (9 comentarios)
  cdmx/oriente/tianguis_de_vicente_guerrero_iztapalapa.md  OK Tianguis de Vicente Guerrero — Iztapalapa [tianguis] (9 comentarios)
  cdmx/oriente/tianguis_de_zapotitlan_iztapalapa.md  OK Tianguis de Zapotitlán — Iztapalapa [tianguis] (9 comentarios)
  cdmx/oriente/tianguis_del_salado_santa_martha_acatitla.md  OK Tianguis del Salado — Santa Martha Acatitla [tianguis] (9 comentarios)
  cdmx/poniente/cd012.md  OK Tianguis de San Ángel — Artesanías y Sábado de Plaza [tianguis] (5 comentarios)
  cdmx/poniente/tianguis_de_cuajimalpa_centro.md  OK Tianguis de Cuajimalpa — Centro [tianguis] (9 comentarios)
  cdmx/poniente/tianguis_de_la_bufalo_narvarte_poniente.md  OK Tianguis de La Búfalo — Narvarte Poniente [tianguis] (9 comentarios)
  cdmx/poniente/tianguis_de_la_magdalena_contreras_centro.md  OK Tianguis de la Magdalena Contreras — Centro [tianguis] (9 comentarios)
  cdmx/poniente/tianguis_de_la_portales_chacharas_y_coleccionismo.md  OK Tianguis de La Portales — Chácharas y Coleccionismo [tianguis] (9 comentarios)
  cdmx/poniente/tianguis_de_la_sullivan_monumento_a_la_madre.md  OK Tianguis de la Sullivan — Monumento a la Madre [tianguis] (9 comentarios)
  cdmx/poniente/tianguis_de_san_angel_bazar_del_sabado.md  OK Tianguis de San Ángel — Bazar del Sábado [tianguis] (9 comentarios)
  cdmx/poniente/tianguis_de_san_bartolo_ameyalco.md  OK Tianguis de San Bartolo Ameyalco [tianguis] (9 comentarios)
  cdmx/poniente/tianguis_de_san_jeronimo_lidice.md  OK Tianguis de San Jerónimo Lídice [tianguis] (9 comentarios)
  cdmx/poniente/tianguis_de_san_lorenzo_acopilco_poniente_artesani.md  OK Tianguis de San Lorenzo Acopilco Poniente — Artesanías y Bosque [tianguis] (9 comentarios)
  cdmx/poniente/tianguis_de_santa_rosa_xochiac_alvaro_obregon.md  OK Tianguis de Santa Rosa Xochiac — Álvaro Obregón [tianguis] (9 comentarios)
  cdmx/sur/cd007.md  OK Tianguis de Xochimilco — Flores y Tradición [tianguis] (5 comentarios)
  cdmx/sur/cd008.md  OK Tianguis de Milpa Alta — Nopal y Tradición [tianguis] (5 comentarios)
  cdmx/sur/tianguis_de_ajusco_pueblo_de_santa_ursula.md  OK Tianguis de Ajusco — Pueblo de Santa Úrsula [tianguis] (9 comentarios)
  cdmx/sur/tianguis_de_coyoacan_bazar_del_sabado.md  OK Tianguis de Coyoacán — Bazar del Sábado [tianguis] (9 comentarios)
  cdmx/sur/tianguis_de_la_feria_de_la_flor_xochimilco_(febrer.md  OK Tianguis de la Feria de la Flor — Xochimilco (Febrero) [tianguis] (9 comentarios)
  cdmx/sur/tianguis_de_milpa_alta_villa_milpa_alta.md  OK Tianguis de Milpa Alta — Villa Milpa Alta [tianguis] (9 comentarios)
  cdmx/sur/tianguis_de_nativitas_xochimilco.md  OK Tianguis de Nativitas — Xochimilco [tianguis] (9 comentarios)
  cdmx/sur/tianguis_de_san_antonio_tecomitl.md  OK Tianguis de San Antonio Tecomitl [tianguis] (9 comentarios)
  cdmx/sur/tianguis_de_san_gregorio_atlapulco.md  OK Tianguis de San Gregorio Atlapulco [tianguis] (9 comentarios)
  cdmx/sur/tianguis_de_san_lorenzo_acopilco_contreras_sur.md  OK Tianguis de San Lorenzo Acopilco — Contreras Sur [tianguis] (9 comentarios)
  cdmx/sur/tianguis_de_san_luis_tlaxialtemalco.md  OK Tianguis de San Luis Tlaxialtemalco [tianguis] (9 comentarios)
  cdmx/sur/tianguis_de_san_pedro_atocpan_mole_y_tradicion.md  OK Tianguis de San Pedro Atocpan — Mole y Tradición [tianguis] (9 comentarios)
  cdmx/sur/tianguis_de_santa_cecilia_tlahuac.md  OK Tianguis de Santa Cecilia Tláhuac [tianguis] (9 comentarios)
  cdmx/sur/tianguis_de_santo_domingo_coyoacan.md  OK Tianguis de Santo Domingo — Coyoacán [tianguis] (9 comentarios)
  cdmx/sur/tianguis_de_tlalpan_centro_historico.md  OK Tianguis de Tlalpan — Centro Histórico [tianguis] (9 comentarios)
  cdmx/sur/tianguis_de_tulyehualco_frutas_y_flores.md  OK Tianguis de Tulyehualco — Frutas y Flores [tianguis] (9 comentarios)
  cdmx/sur/tianguis_de_xochimilco_centro_historico.md  OK Tianguis de Xochimilco — Centro Histórico [tianguis] (9 comentarios)
  edomex/norte_bosques/aculco.md  OK Tianguis Dominical de Aculco — Quesos Artesanales y Casa Hidalgo [tianguis] (10 comentarios)
  edomex/norte_bosques/edomex-045.md  OK Tianguis de Atlacomulco — La Cuna del Poder [tianguis] (5 comentarios)
  edomex/norte_bosques/edomex-046.md  OK Tianguis de Jocotitlán — El Cerro del Jaguar [tianguis] (5 comentarios)
  edomex/norte_bosques/edomex-047.md  OK Tianguis de San Felipe del Progreso — Capital Mazahua [tianguis] (5 comentarios)
  edomex/norte_bosques/el_oro.md  OK Tianguis Dominical de El Oro — Mina Tiro Norte y Minería [tianguis] (10 comentarios)
  edomex/norte_bosques/jilotepec.md  OK Tianguis de Jilotepec — Pulque, Barbacoa y Deportes Extremos [tianguis] (10 comentarios)
  edomex/norte_bosques/polotitlan.md  OK Tianguis de Polotitlán — Puerta de la Sierra Otomí [tianguis] (8 comentarios)
  edomex/norte_bosques/soyaniquilpan.md  OK Tianguis de Soyaniquilpan — Tesoro Otomí del Norte [tianguis] (9 comentarios)
  edomex/norte_bosques/tepotzotlan.md  OK Tianguis Dominical de Tepotzotlán — Museo del Virreinato y Artesanías [tianguis] (10 comentarios)
  edomex/norte_bosques/timilpan.md  OK Tianguis de Timilpan — El Corazón Otomí de la Sierra [tianguis] (9 comentarios)
  edomex/norte_bosques/villa_carbon.md  OK Tianguis de Villa del Carbón — Quesos, Bosques y Tradición Otomí [tianguis] (10 comentarios)
  edomex/oriente/edomex-040.md  OK Tianguis de Chalco — El Sábado de la Paca [tianguis] (5 comentarios)
  edomex/oriente/edomex-041.md  OK Tianguis de Texcoco — Cultura y Comercio Milenario [tianguis] (5 comentarios)
  edomex/oriente/edomex-042.md  OK Tianguis de Teotihuacán — A la Sombra del Sol [tianguis] (5 comentarios)
  edomex/sur_tierra_caliente/amatepec.md  OK Tianguis de Amatepec — El Último Tianguis de la Tierra Caliente [tianguis] (9 comentarios)
  edomex/sur_tierra_caliente/chalma.md  OK Tianguis de Chalma — Santuario y Comunidades Indígenas [tianguis] (10 comentarios)
  edomex/sur_tierra_caliente/malinalco.md  OK Tianguis de Malinalco — Templo Monolítico y Artesanías [tianguis] (10 comentarios)
  edomex/sur_tierra_caliente/tejupilco.md  OK Tianguis de Tejupilco — Puerta de la Tierra Caliente Nahua [tianguis] (9 comentarios)
  edomex/sur_tierra_caliente/zacualpan.md  OK Tianguis de Zacualpan — Minería y Tradición Nahua [tianguis] (8 comentarios)
  edomex/valle_mexico/amecameca.md  OK Tianguis de Amecameca — Puerta de los Volcanes, Sabores Nahuas [tianguis] (10 comentarios)
  edomex/valle_mexico/chalco.md  OK Tianguis de Valle de Chalco — El Sábado de la Ropa de Marca [tianguis] (8 comentarios)
  edomex/valle_mexico/chiconcuac.md  OK Tianguis de Chiconcuac — Ropa y Textiles Artesanales [tianguis] (10 comentarios)
  edomex/valle_mexico/coacalco.md  OK Tianguis de Coacalco — El Gigante del Valle de México [tianguis] (9 comentarios)
  edomex/valle_mexico/ecatepec.md  OK Tianguis de Ecatepec — El Megatianguis del Valle de México [tianguis] (9 comentarios)
  edomex/valle_mexico/ixtapaluca.md  OK Tianguis de Ixtapaluca — Tradición y Comercio Popular [tianguis] (9 comentarios)
  edomex/valle_mexico/neza.md  OK Tianguis de Nezahualcóyotl — Mega Tianguis Urbano [tianguis] (10 comentarios)
  edomex/valle_mexico/otumba.md  OK Tianguis de Otumba — Capital Otomí y Tributo a los Burritos [tianguis] (10 comentarios)
  edomex/valle_mexico/ozumba.md  OK Tianguis de Ozumba — El Más Grande y Antiguo del Edomex [tianguis] (10 comentarios)
  edomex/valle_mexico/texcoco.md  OK Tianguis de Texcoco — Tradición y Comercio Milenario [tianguis] (10 comentarios)
  edomex/valle_toluca/el_piojo.md  OK Tianguis del Piojo y La Pulga — Chácharas y Tesoros [tianguis] (6 comentarios)
  edomex/valle_toluca/ixtapan_sal.md  OK Tianguis de Ixtapan de la Sal — Balnearios y Aguas Termales [tianguis] (3 comentarios)
  edomex/valle_toluca/ixtlahuaca.md  OK Tianguis de Ixtlahuaca — El Lunes de las Comunidades Mazahuas [tianguis] (10 comentarios)
  edomex/valle_toluca/lerma.md  OK Tianguis de Lerma — Sabores Mazahuas a las Puertas de Toluca [tianguis] (9 comentarios)
  edomex/valle_toluca/metepec.md  OK Tianguis Dominical de Metepec — Artesanías y Barro [tianguis] (5 comentarios)
  edomex/valle_toluca/ocoyoacac.md  OK Tianguis de Ocoyoacac — El Mirador de la Sierra Matlatzinca [tianguis] (9 comentarios)
  edomex/valle_toluca/palmillas.md  OK Tianguis de Palmillas — Ropa de Paca y Mayoreo [tianguis] (5 comentarios)
  edomex/valle_toluca/san_mateo_atenco.md  OK Tianguis de San Mateo Atenco — Calzado Artesanal desde 1873 [tianguis] (10 comentarios)
  edomex/valle_toluca/tenancingo.md  OK Mercado Municipal de Tenancingo — Tacos de Obispo [tianguis] (3 comentarios)
  edomex/valle_toluca/tenango_arista.md  OK Tianguis de Tenango de Arista — El Cerro de los Magueyes [tianguis] (9 comentarios)
  edomex/valle_toluca/tenango_valle.md  OK Tianguis de Tenango del Valle — Zona Arqueológica Teotenango [tianguis] (10 comentarios)
  edomex/valle_toluca/tianguistengo.md  OK Tianguis Tradicional de Santiago Tianguistengo [tianguis] (10 comentarios)
  edomex/valle_toluca/tonatico.md  OK Tianguis de Tonatico — Grutas y Balnearios Populares [tianguis] (3 comentarios)
  edomex/valle_toluca/valle_bravo.md  OK Tianguis Dominical de Valle de Bravo — Velo de Novia [tianguis] (3 comentarios)
  edomex/valle_toluca/villa_guerrero.md  OK Tianguis de Villa Guerrero — Capital de la Flor Mazahua [tianguis] (9 comentarios)
  edomex/valle_toluca/zinacantepec.md  OK Mercado de Zinacantepec — Mariscos Frescos de la Región [tianguis] (3 comentarios)
  edomex/zona_metropolitana/edomex-043.md  OK Tianguis de Tultitlán — El Gigante Industrial [tianguis] (5 comentarios)
  edomex/zona_metropolitana/edomex-044.md  OK Tianguis de Nicolás Romero — Bosques y Tradición [tianguis] (5 comentarios)
  hidalgo/huasteca/hgo-007.md  OK Tianguis de Huejutla — La Huasteca Hidalguense [tianguis] (5 comentarios)
  hidalgo/sierra/hgo-003.md  OK Tianguis de Huasca de Ocampo — Pueblo Mágico de los Prismas [tianguis] (5 comentarios)
  hidalgo/sierra/hgo-004.md  OK Tianguis de Real del Monte — Minería y Pastes [tianguis] (5 comentarios)
  hidalgo/sur_norte/hgo-001.md  OK Tianguis de Pachuca — La Bella Airosa [tianguis] (5 comentarios)
  hidalgo/sur_norte/hgo-002.md  OK Tianguis de Tulancingo — Cuna del Futbol Mexicano [tianguis] (5 comentarios)
  hidalgo/sur_norte/hgo-008.md  OK Tianguis de Apan — Tierra del Pulque [tianguis] (5 comentarios)
  hidalgo/valle_mezquital/hgo-005.md  OK Tianguis de Actopan — El Pueblo de los Murales [tianguis] (5 comentarios)
  hidalgo/valle_mezquital/hgo-006.md  OK Tianguis de Ixmiquilpan — La Puerta Otomí [tianguis] (5 comentarios)
  lugares/arqueologicas/za-acatitlan.md  OK Santa Cecilia Acatitlán [lugar] (5 comentarios)
  lugares/arqueologicas/za-cacaxtla.md  OK Zona Arqueológica de Cacaxtla-Xochitécatl [lugar] (5 comentarios)
  lugares/arqueologicas/za-calixtlahuaca.md  OK Zona Arqueológica de Calixtlahuaca [lugar] (5 comentarios)
  lugares/arqueologicas/za-cantona.md  OK Zona Arqueológica de Cantona [lugar] (5 comentarios)
  lugares/arqueologicas/za-cuicuilco.md  OK Zona Arqueológica de Cuicuilco [lugar] (5 comentarios)
  lugares/arqueologicas/za-huapalcalco.md  OK Zona Arqueológica de Huapalcalco [lugar] (5 comentarios)
  lugares/arqueologicas/za-malinalco.md  OK Zona Arqueológica de Malinalco (Cuauhtinchán) [lugar] (5 comentarios)
  lugares/arqueologicas/za-tenayuca.md  OK Zona Arqueológica de Tenayuca [lugar] (5 comentarios)
  lugares/arqueologicas/za-teotenango.md  OK Teotenango (Zona Arqueológica) [lugar] (5 comentarios)
  lugares/arqueologicas/za-teotihuacan.md  OK Zona Arqueológica de Teotihuacán [lugar] (5 comentarios)
  lugares/arqueologicas/za-teposteco.md  OK Zona Arqueológica del Tepozteco [lugar] (5 comentarios)
  lugares/arqueologicas/za-tlatelolco.md  OK Zona Arqueológica de Tlatelolco [lugar] (5 comentarios)
  lugares/arqueologicas/za-tula.md  OK Zona Arqueológica de Tula (Tollan-Xicocotitlán) [lugar] (5 comentarios)
  lugares/arqueologicas/za-xochicalco.md  OK Zona Arqueológica de Xochicalco [lugar] (5 comentarios)
  lugares/balnearios/bc-atlacomulco.md  OK Balneario El Temazcal (Atlacomulco) [lugar] (5 comentarios)
  lugares/balnearios/bc-cacahuamilpa.md  OK Grutas de Cacahuamilpa [lugar] (5 comentarios)
  lugares/balnearios/bc-grutas-estrella.md  OK Grutas de la Estrella [lugar] (5 comentarios)
  lugares/balnearios/bc-ixtapan.md  OK Balneario Ixtapan de la Sal [lugar] (5 comentarios)
  lugares/balnearios/bc-prismas.md  OK Prismas Basálticos [lugar] (5 comentarios)
  lugares/balnearios/bc-salto-chihuahua.md  OK Cascada El Salto (Chihuahua) [lugar] (5 comentarios)
  lugares/balnearios/bc-texcoco.md  OK Cascada de Texcoco (Molino de las Flores) [lugar] (5 comentarios)
  lugares/balnearios/bc-tolantongo.md  OK Grutas de Tolantongo [lugar] (5 comentarios)
  lugares/balnearios/bc-tonatico.md  OK Balneario Tonatico [lugar] (5 comentarios)
  lugares/balnearios/bc-velo-novia.md  OK Cascada Velo de Novia (Valle de Bravo) [lugar] (5 comentarios)
  lugares/miradores/mi-cuetzalan.md  OK Mirador de Cuetzalan (Cerro del Jilguero) [lugar] (5 comentarios)
  lugares/miradores/mi-jocotitlan.md  OK Mirador Cerro del Jaguar (Jocotitlán) [lugar] (5 comentarios)
  lugares/miradores/mi-monarca-rosario.md  OK Santuario de la Mariposa Monarca — El Rosario [lugar] (5 comentarios)
  lugares/miradores/mi-nevado-toluca.md  OK Volcán Nevado de Toluca (Xinantécatl) [lugar] (5 comentarios)
  lugares/miradores/mi-poza-negra.md  OK Poza Negra (Ixtapan de la Sal) [lugar] (5 comentarios)
  lugares/miradores/mi-san-miguel-vb.md  OK Mirador de San Miguel (Valle de Bravo) [lugar] (5 comentarios)
  lugares/miradores/mi-tlatlauqui.md  OK Mirador de Tlatlauquitepec (Peña del Águila) [lugar] (5 comentarios)
  lugares/miradores/mi-zacatlan.md  OK Mirador de Zacatlán (Cerro de las Antenas) [lugar] (5 comentarios)
  lugares/otomi/co-chapa-moto.md  OK San Bartolo Morelos (Comunidad Otomí) [lugar] (5 comentarios)
  lugares/otomi/co-ijiquilco.md  OK Jiquipilco (Zona Otomí) [lugar] (5 comentarios)
  lugares/otomi/co-san-felipe.md  OK San Felipe del Progreso (Capital Mazahua) [lugar] (5 comentarios)
  lugares/otomi/co-temoaya-tapetes.md  OK Temoaya (Tapetes Otomíes) [lugar] (5 comentarios)
  lugares/otomi/co-temoaya.md  OK Centro Ceremonial Otomí (Temoaya) [lugar] (5 comentarios)
  lugares/otomi/co-xonacatlan.md  OK Xonacatlán (Mercado Otomí) [lugar] (5 comentarios)
  lugares/pueblos/pt-aculco-pueblo.md  OK Aculco [lugar] (5 comentarios)
  lugares/pueblos/pt-chalma-santuario.md  OK Santuario del Señor de Chalma [lugar] (5 comentarios)
  lugares/pueblos/pt-chignahuapan.md  OK Chignahuapan [lugar] (5 comentarios)
  lugares/pueblos/pt-cuetzalan.md  OK Cuetzalan [lugar] (5 comentarios)
  lugares/pueblos/pt-el-oro.md  OK El Oro [lugar] (5 comentarios)
  lugares/pueblos/pt-huamantla.md  OK Huamantla [lugar] (5 comentarios)
  lugares/pueblos/pt-huasca.md  OK Huasca de Ocampo [lugar] (5 comentarios)
  lugares/pueblos/pt-malinalco-pueblo.md  OK Malinalco [lugar] (5 comentarios)
  lugares/pueblos/pt-metepec.md  OK Metepec [lugar] (5 comentarios)
  lugares/pueblos/pt-pahualtlan.md  OK Pahuatlán [lugar] (5 comentarios)
  lugares/pueblos/pt-patacuaro-pueblo.md  OK Pátzcuaro [lugar] (5 comentarios)
  lugares/pueblos/pt-real-monte.md  OK Real del Monte [lugar] (5 comentarios)
  lugares/pueblos/pt-tepotzotlan.md  OK Tepotzotlán [lugar] (5 comentarios)
  lugares/pueblos/pt-tepozlan-pueblo.md  OK Tepoztlán [lugar] (5 comentarios)
  lugares/pueblos/pt-tlaxco-pueblo.md  OK Tlaxco [lugar] (5 comentarios)
  lugares/pueblos/pt-valle-bravo.md  OK Valle de Bravo [lugar] (5 comentarios)
  lugares/pueblos/pt-villa-carbon.md  OK Villa del Carbón [lugar] (5 comentarios)
  lugares/pueblos/pt-xicotepec.md  OK Xicotepec [lugar] (5 comentarios)
  lugares/pueblos/pt-zacatlan.md  OK Zacatlán [lugar] (5 comentarios)
  michoacan/costa/mich-007.md  OK Tianguis de Lázaro Cárdenas — La Costa Michoacana [tianguis] (5 comentarios)
  michoacan/lago_patzcuaro/mich-001.md  OK Tianguis de Pátzcuaro — Trueque Purépecha [tianguis] (5 comentarios)
  michoacan/lago_patzcuaro/mich-004.md  OK Tianguis de Santa Clara del Cobre — Martillo y Yunque [tianguis] (5 comentarios)
  michoacan/meseta_purhepecha/mich-002.md  OK Tianguis Artesanal de Uruapan — Domingo de Ramos [tianguis] (5 comentarios)
  michoacan/meseta_purhepecha/mich-003.md  OK Tianguis de Morelia — El Acueducto y el Trueque [tianguis] (5 comentarios)
  michoacan/meseta_purhepecha/mich-006.md  OK Tianguis de Zitácuaro — El Oriente Michoacano [tianguis] (5 comentarios)
  michoacan/meseta_purhepecha/mich-008.md  OK Mercado de Artesanías de Capula — La Capilla del Cobre [tianguis] (5 comentarios)
  michoacan/meseta_purhepecha/mich-009.md  OK Tianguis de Tacámbaro — Café de Altura [tianguis] (5 comentarios)
  michoacan/tierra_caliente/mich-005.md  OK Tianguis de Apatzingán — La Tierra Caliente [tianguis] (5 comentarios)
  michoacan/tierra_caliente/mich-010.md  OK Tianguis de Huetamo — El Último Baluarte de la Tierra Caliente [tianguis] (5 comentarios)
  morelos/altiplano/mor-001.md  OK Mercado de Tepoztlán — El Pueblo Mágico del Tepozteco [tianguis] (5 comentarios)
  morelos/altiplano/mor-002.md  OK Tianguis de Cuautla — El Corazón del Oriente Morelense [tianguis] (5 comentarios)
  morelos/altiplano/mor-003.md  OK Tianguis de Cuernavaca — La Ciudad de la Eterna Primavera [tianguis] (5 comentarios)
  morelos/altiplano/mor-004.md  OK Tianguis de Xochitepec — Tierra de Caña y Piloncillo [tianguis] (5 comentarios)
  morelos/altiplano/mor-005.md  OK Tianguis de Yautepec — El Pueblo del Pan [tianguis] (5 comentarios)
  morelos/altiplano/mor-007.md  OK Tianguis de Tlayacapan — Barro y Tradición [tianguis] (5 comentarios)
  morelos/sur_norte/mor-006.md  OK Tianguis de Jojutla — La Puerta Sur de Morelos [tianguis] (5 comentarios)
  puebla/mixteca/pue-009.md  OK Tianguis de Izúcar de Matamoros — La Mixteca Poblana [tianguis] (5 comentarios)
  puebla/mixteca/pue-010.md  OK Tianguis de Acatlán de Osorio — Palma y Tradición [tianguis] (5 comentarios)
  puebla/mixteca/tianguis_de_tianguis_de_ajalpan.md  OK Tianguis de Ajalpan [tianguis] (4 comentarios)
  puebla/mixteca/tianguis_de_tianguis_de_chiautla_de_tapia.md  OK Tianguis de Chiautla de Tapia [tianguis] (4 comentarios)
  puebla/mixteca/tianguis_de_tianguis_de_izucar_de_matamoros.md  OK Tianguis de Izúcar de Matamoros [tianguis] (5 comentarios)
  puebla/mixteca/tianguis_de_tianguis_de_san_gabriel_chilac.md  OK Tianguis de San Gabriel Chilac [tianguis] (4 comentarios)
  puebla/mixteca/tianguis_de_tianguis_de_tepexi_de_rodriguez.md  OK Tianguis de Tepexi de Rodríguez [tianguis] (4 comentarios)
  puebla/mixteca/tianguis_de_tianguis_de_zapotitlan_salinas.md  OK Tianguis de Zapotitlán Salinas [tianguis] (4 comentarios)
  puebla/mixteca/tianguis_de_tianguis_dominical_de_acatlan_de_osorio.md  OK Tianguis Dominical de Acatlán de Osorio [tianguis] (6 comentarios)
  puebla/mixteca/tianguis_de_tianguis_dominical_de_coyomeapan.md  OK Tianguis Dominical de Coyomeapan [tianguis] (5 comentarios)
  puebla/mixteca/tianguis_de_tianguis_dominical_de_tehuacan.md  OK Tianguis Dominical de Tehuacán [tianguis] (5 comentarios)
  puebla/mixteca/tianguis_de_tianguis_dominical_de_tehuitzingo.md  OK Tianguis Dominical de Tehuitzingo [tianguis] (4 comentarios)
  puebla/mixteca/tianguis_de_tianguis_dominical_de_tepeaca.md  OK Tianguis Dominical de Tepeaca [tianguis] (4 comentarios)
  puebla/mixteca/tianguis_de_tianguis_sabatino_de_tecamachalco.md  OK Tianguis Sabatino de Tecamachalco [tianguis] (4 comentarios)
  puebla/sierra_norte/pue-001.md  OK Tianguis Dominical de Cuetzalan — Corazón Totonaca [tianguis] (5 comentarios)
  puebla/sierra_norte/pue-002.md  OK Tianguis de Huauchinango — Flores y Café de la Sierra [tianguis] (5 comentarios)
  puebla/sierra_norte/pue-003.md  OK Tianguis de Xicotepec — Café y Tradición [tianguis] (5 comentarios)
  puebla/sierra_norte/pue-004.md  OK Tianguis de Zacatlán — Manzanas y Quesos [tianguis] (5 comentarios)
  puebla/sierra_norte/pue-005.md  OK Tianguis de Pahuatlán — Pueblo Mágico Otomí [tianguis] (5 comentarios)
  puebla/sierra_norte/tianguis_de_tianguis_de_ahuazotepec.md  OK Tianguis de Ahuazotepec [tianguis] (4 comentarios)
  puebla/sierra_norte/tianguis_de_tianguis_de_chignahuapan.md  OK Tianguis de Chignahuapan [tianguis] (5 comentarios)
  puebla/sierra_norte/tianguis_de_tianguis_de_san_pablito_pahuatlan.md  OK Tianguis de San Pablito, Pahuatlán [tianguis] (5 comentarios)
  puebla/sierra_norte/tianguis_de_tianguis_de_tetela_de_ocampo.md  OK Tianguis de Tetela de Ocampo [tianguis] (5 comentarios)
  puebla/sierra_norte/tianguis_de_tianguis_de_teziutlan.md  OK Tianguis de Teziutlán [tianguis] (5 comentarios)
  puebla/sierra_norte/tianguis_de_tianguis_de_tlatlauquitepec.md  OK Tianguis de Tlatlauquitepec [tianguis] (5 comentarios)
  puebla/sierra_norte/tianguis_de_tianguis_de_xicotepec_de_juarez.md  OK Tianguis de Xicotepec de Juárez [tianguis] (6 comentarios)
  puebla/sierra_norte/tianguis_de_tianguis_de_zacapoaxtla.md  OK Tianguis de Zacapoaxtla [tianguis] (5 comentarios)
  puebla/sierra_norte/tianguis_de_tianguis_dominical_de_cuetzalan.md  OK Tianguis Dominical de Cuetzalan [tianguis] (9 comentarios)
  puebla/sierra_norte/tianguis_de_tianguis_dominical_de_pahuatlan.md  OK Tianguis Dominical de Pahuatlán [tianguis] (5 comentarios)
  puebla/sierra_norte/tianguis_de_tianguis_dominical_de_zacatlan.md  OK Tianguis Dominical de Zacatlán [tianguis] (5 comentarios)
  puebla/sierra_norte/tianguis_de_tianguis_sabatino_de_huauchinango.md  OK Tianguis Sabatino de Huauchinango [tianguis] (5 comentarios)
  puebla/sierra_norte/tianguis_de_zongozotla.md  OK Tianguis de Zongozotla [tianguis] (5 comentarios)
  puebla/valle_serdan/pue-006.md  OK Mercado de Cholula — Los Portales Milenarios [tianguis] (5 comentarios)
  puebla/valle_serdan/pue-007.md  OK Tianguis de Atlixco — El Valle de las Flores [tianguis] (5 comentarios)
  puebla/valle_serdan/pue-008.md  OK Tianguis de Tehuacán — El Oasis Mixteco [tianguis] (5 comentarios)
  puebla/valle_serdan/tianguis_de_tianguis_capu_puebla.md  OK Tianguis CAPU, Puebla [tianguis] (3 comentarios)
  puebla/valle_serdan/tianguis_de_tianguis_de_analco_barrio_de_artesanos.md  OK Tianguis de Analco — Barrio de Artesanos [tianguis] (5 comentarios)
  puebla/valle_serdan/tianguis_de_tianguis_de_atlixco.md  OK Tianguis de Atlixco [tianguis] (6 comentarios)
  puebla/valle_serdan/tianguis_de_tianguis_de_la_libertad_puebla.md  OK Tianguis de La Libertad, Puebla [tianguis] (5 comentarios)
  puebla/valle_serdan/tianguis_de_tianguis_de_las_vias_cholula.md  OK Tianguis de Las Vías, Cholula [tianguis] (4 comentarios)
  puebla/valle_serdan/tianguis_de_tianguis_de_loma_bella_puebla.md  OK Tianguis de Loma Bella, Puebla [tianguis] (4 comentarios)
  puebla/valle_serdan/tianguis_de_tianguis_de_puebla_7_sur.md  OK Tianguis de Puebla 7 Sur [tianguis] (3 comentarios)
  puebla/valle_serdan/tianguis_de_tianguis_de_san_martin_texmelucan.md  OK Tianguis de San Martín Texmelucan [tianguis] (8 comentarios)
  puebla/valle_serdan/tianguis_de_tianguis_de_san_ramon_la_curva_puebla.md  OK Tianguis de San Ramón — La Curva, Puebla [tianguis] (5 comentarios)
  puebla/valle_serdan/tianguis_de_tianguis_de_santa_maria_xixitla_cholula.md  OK Tianguis de Santa María Xixitla, Cholula [tianguis] (6 comentarios)
  puebla/valle_serdan/tianguis_de_tianguis_del_trueque_de_san_pedro_cholula.md  OK Tianguis del Trueque de San Pedro Cholula [tianguis] (6 comentarios)
  puebla/valle_serdan/tianguis_de_tianguis_los_lavaderos_puebla.md  OK Tianguis Los Lavaderos, Puebla [tianguis] (6 comentarios)
  puebla/valle_serdan/tianguis_de_tianguis_tameme_organico_y_artesanal_puebla.md  OK Tianguis TAMEME — Orgánico y Artesanal, Puebla [tianguis] (4 comentarios)
  tlaxcala/centro/tlx-001.md  OK Tianguis de Tlaxcala Capital — La Ciudad de las Artesanías [tianguis] (5 comentarios)
  tlaxcala/centro/tlx-002.md  OK Tianguis de Huamantla — La Noche que Nadie Duerme [tianguis] (5 comentarios)
  tlaxcala/centro/tlx-003.md  OK Tianguis de Apizaco — El Nudo Ferrocarrilero [tianguis] (5 comentarios)
  tlaxcala/centro/tlx-005.md  OK Tianguis de Chiautempan — Los Sarapes de Tlaxcala [tianguis] (5 comentarios)
  tlaxcala/sur_norte/tlx-004.md  OK Tianguis de Tlaxco — Queso y Vino en la Sierra [tianguis] (5 comentarios)

OK: 259 lugares total, 1269 comentarios, 685,755 bytes
  Por tipo: tianguis: 202, lugar: 57
  Assets copiados a dist/
[2026-05-24 00:24:51] Build completado exitosamente
[2026-05-24 00:24:51] Copiando dist/data.json → public/data.json
[2026-05-24 00:24:51] Verificando integridad del JSON...
  Lugares: 259
  Tipos: {'tianguis': 202, 'lugar': 57}
  Generado: 2026-05-24T00:24:51.484955
  ADVERTENCIA: 22 IDs duplicados: ['MX-CDMX-001', 'MX-CDMX-002', 'MX-CDMX-003', 'MX-CDMX-004', 'MX-CDMX-005']...
[2026-05-24 00:24:51] === Build & Deploy completado ===
[2026-05-24 00:26:05] === RaízMiTierra Build & Deploy ===
[2026-05-24 00:26:05] Working directory: /home/home/raizmitierra
[2026-05-24 00:26:05] Ejecutando: python3 cli.py build
RAIZMITIERRA - Build

  cdmx/centro/cd001.md  OK Tianguis de La Lagunilla — El Salto del Agua [tianguis] (5 comentarios)
  cdmx/centro/cd002.md  OK Tianguis de Tepito — Barrio Bravo [tianguis] (5 comentarios)
  cdmx/centro/cd003.md  OK Mercado de Sonora — Brujería y Tradición [tianguis] (5 comentarios)
  cdmx/centro/cd004.md  OK Mercado de La Merced — El Gigante del Centro [tianguis] (5 comentarios)
  cdmx/centro/cd005.md  OK Mercado de San Juan — Sabores del Mundo [tianguis] (5 comentarios)
  cdmx/centro/cd006.md  OK Tianguis de Peralvillo — Ropa y Tradición [tianguis] (5 comentarios)
  cdmx/centro/la_lagunilla_tianguis_de_antigüedades.md  OK La Lagunilla — Tianguis de Antigüedades [tianguis] (9 comentarios)
  cdmx/centro/mercado_de_la_merced.md  OK Mercado de La Merced [tianguis] (9 comentarios)
  cdmx/centro/mercado_de_san_juan_tianguis_gourmet.md  OK Mercado de San Juan — Tianguis Gourmet [tianguis] (9 comentarios)
  cdmx/centro/mercado_de_sonora_tianguis_de_lo_esoterico.md  OK Mercado de Sonora — Tianguis de lo Esotérico [tianguis] (9 comentarios)
  cdmx/centro/tepito_barrio_bravo.md  OK Tepito — Barrio Bravo [tianguis] (9 comentarios)
  cdmx/centro/tianguis_de_balandrano.md  OK Tianguis de Balandrano [tianguis] (9 comentarios)
  cdmx/centro/tianguis_de_doctores.md  OK Tianguis de Doctores [tianguis] (9 comentarios)
  cdmx/centro/tianguis_de_la_lagunilla_antigüedades_y_arte_(saba.md  OK Tianguis de la Lagunilla — Antigüedades y Arte (Sábado-Domingo) [tianguis] (9 comentarios)
  cdmx/centro/tianguis_de_la_lagunilla_discos_y_coleccionismo_(s.md  OK Tianguis de la Lagunilla — Discos y Coleccionismo (Sábado) [tianguis] (9 comentarios)
  cdmx/centro/tianguis_de_la_lagunilla_ropa_(jueves).md  OK Tianguis de la Lagunilla — Ropa (Jueves) [tianguis] (9 comentarios)
  cdmx/centro/tianguis_de_la_merced_ropa_y_accesorios.md  OK Tianguis de la Merced — Ropa y Accesorios [tianguis] (9 comentarios)
  cdmx/centro/tianguis_de_morelos_el_baratillo.md  OK Tianguis de Morelos — El Baratillo [tianguis] (9 comentarios)
  cdmx/centro/tianguis_de_peralvillo.md  OK Tianguis de Peralvillo [tianguis] (9 comentarios)
  cdmx/centro/tianguis_de_ramos_millan.md  OK Tianguis de Ramos Millán [tianguis] (9 comentarios)
  cdmx/centro/tianguis_de_san_lazaro_ropa_y_accesorios.md  OK Tianguis de San Lázaro — Ropa y Accesorios [tianguis] (9 comentarios)
  cdmx/norte/cd011.md  OK Tianguis de San Felipe de Jesús — La San Feroz [tianguis] (5 comentarios)
  cdmx/norte/tianguis_de_aragon_la_villa.md  OK Tianguis de Aragón — La Villa [tianguis] (9 comentarios)
  cdmx/norte/tianguis_de_azcapotzalco_centro.md  OK Tianguis de Azcapotzalco — Centro [tianguis] (9 comentarios)
  cdmx/norte/tianguis_de_chalma_de_guadalupe.md  OK Tianguis de Chalma de Guadalupe [tianguis] (9 comentarios)
  cdmx/norte/tianguis_de_cuautepec_barrio_alto.md  OK Tianguis de Cuautepec — Barrio Alto [tianguis] (9 comentarios)
  cdmx/norte/tianguis_de_industrial_vallejo.md  OK Tianguis de Industrial Vallejo [tianguis] (9 comentarios)
  cdmx/norte/tianguis_de_la_lagunilla_norte_gustavo_a._madero.md  OK Tianguis de La Lagunilla Norte — Gustavo A. Madero [tianguis] (9 comentarios)
  cdmx/norte/tianguis_de_la_raza_pulgas_y_ropa.md  OK Tianguis de La Raza — Pulgas y Ropa [tianguis] (9 comentarios)
  cdmx/norte/tianguis_de_lindavista_vallejo.md  OK Tianguis de Lindavista — Vallejo [tianguis] (9 comentarios)
  cdmx/norte/tianguis_de_santa_isabel_tola.md  OK Tianguis de Santa Isabel Tola [tianguis] (9 comentarios)
  cdmx/norte/tianguis_san_felipe_de_jesus_la_san_feroz.md  OK Tianguis San Felipe de Jesús — La San Feroz [tianguis] (9 comentarios)
  cdmx/oriente/cd009.md  OK Tianguis de El Salado — El Más Grande de Iztapalapa [tianguis] (5 comentarios)
  cdmx/oriente/cd010.md  OK Tianguis de Santa Cruz Meyehualco — El Corazón de Iztapalapa [tianguis] (5 comentarios)
  cdmx/oriente/tianguis_de_acatitla_la_paz_oriente.md  OK Tianguis de Acatitla — La Paz Oriente [tianguis] (9 comentarios)
  cdmx/oriente/tianguis_de_apatlaco_iztacalco.md  OK Tianguis de Apatlaco — Iztacalco [tianguis] (9 comentarios)
  cdmx/oriente/tianguis_de_el_salado_zona_nocturna_(martes_noche).md  OK Tianguis de El Salado — Zona Nocturna (Martes noche) [tianguis] (9 comentarios)
  cdmx/oriente/tianguis_de_iztapalapa_centro_ermita.md  OK Tianguis de Iztapalapa Centro — Ermita [tianguis] (9 comentarios)
  cdmx/oriente/tianguis_de_la_coatlicue_iztapalapa.md  OK Tianguis de la Coatlicue — Iztapalapa [tianguis] (9 comentarios)
  cdmx/oriente/tianguis_de_la_purisima_iztacalco.md  OK Tianguis de La Purísima — Iztacalco [tianguis] (9 comentarios)
  cdmx/oriente/tianguis_de_san_andres_tetepilco.md  OK Tianguis de San Andrés Tetepilco [tianguis] (9 comentarios)
  cdmx/oriente/tianguis_de_san_juan_xalpa.md  OK Tianguis de San Juan Xalpa [tianguis] (9 comentarios)
  cdmx/oriente/tianguis_de_san_lorenzo_tezonco.md  OK Tianguis de San Lorenzo Tezonco [tianguis] (9 comentarios)
  cdmx/oriente/tianguis_de_san_miguel_teotongo.md  OK Tianguis de San Miguel Teotongo [tianguis] (9 comentarios)
  cdmx/oriente/tianguis_de_santa_cruz_meyehualco.md  OK Tianguis de Santa Cruz Meyehualco [tianguis] (9 comentarios)
  cdmx/oriente/tianguis_de_santa_maria_aztahuacan.md  OK Tianguis de Santa María Aztahuacán [tianguis] (9 comentarios)
  cdmx/oriente/tianguis_de_vicente_guerrero_iztapalapa.md  OK Tianguis de Vicente Guerrero — Iztapalapa [tianguis] (9 comentarios)
  cdmx/oriente/tianguis_de_zapotitlan_iztapalapa.md  OK Tianguis de Zapotitlán — Iztapalapa [tianguis] (9 comentarios)
  cdmx/oriente/tianguis_del_salado_santa_martha_acatitla.md  OK Tianguis del Salado — Santa Martha Acatitla [tianguis] (9 comentarios)
  cdmx/poniente/cd012.md  OK Tianguis de San Ángel — Artesanías y Sábado de Plaza [tianguis] (5 comentarios)
  cdmx/poniente/tianguis_de_cuajimalpa_centro.md  OK Tianguis de Cuajimalpa — Centro [tianguis] (9 comentarios)
  cdmx/poniente/tianguis_de_la_bufalo_narvarte_poniente.md  OK Tianguis de La Búfalo — Narvarte Poniente [tianguis] (9 comentarios)
  cdmx/poniente/tianguis_de_la_magdalena_contreras_centro.md  OK Tianguis de la Magdalena Contreras — Centro [tianguis] (9 comentarios)
  cdmx/poniente/tianguis_de_la_portales_chacharas_y_coleccionismo.md  OK Tianguis de La Portales — Chácharas y Coleccionismo [tianguis] (9 comentarios)
  cdmx/poniente/tianguis_de_la_sullivan_monumento_a_la_madre.md  OK Tianguis de la Sullivan — Monumento a la Madre [tianguis] (9 comentarios)
  cdmx/poniente/tianguis_de_san_angel_bazar_del_sabado.md  OK Tianguis de San Ángel — Bazar del Sábado [tianguis] (9 comentarios)
  cdmx/poniente/tianguis_de_san_bartolo_ameyalco.md  OK Tianguis de San Bartolo Ameyalco [tianguis] (9 comentarios)
  cdmx/poniente/tianguis_de_san_jeronimo_lidice.md  OK Tianguis de San Jerónimo Lídice [tianguis] (9 comentarios)
  cdmx/poniente/tianguis_de_san_lorenzo_acopilco_poniente_artesani.md  OK Tianguis de San Lorenzo Acopilco Poniente — Artesanías y Bosque [tianguis] (9 comentarios)
  cdmx/poniente/tianguis_de_santa_rosa_xochiac_alvaro_obregon.md  OK Tianguis de Santa Rosa Xochiac — Álvaro Obregón [tianguis] (9 comentarios)
  cdmx/sur/cd007.md  OK Tianguis de Xochimilco — Flores y Tradición [tianguis] (5 comentarios)
  cdmx/sur/cd008.md  OK Tianguis de Milpa Alta — Nopal y Tradición [tianguis] (5 comentarios)
  cdmx/sur/tianguis_de_ajusco_pueblo_de_santa_ursula.md  OK Tianguis de Ajusco — Pueblo de Santa Úrsula [tianguis] (9 comentarios)
  cdmx/sur/tianguis_de_coyoacan_bazar_del_sabado.md  OK Tianguis de Coyoacán — Bazar del Sábado [tianguis] (9 comentarios)
  cdmx/sur/tianguis_de_la_feria_de_la_flor_xochimilco_(febrer.md  OK Tianguis de la Feria de la Flor — Xochimilco (Febrero) [tianguis] (9 comentarios)
  cdmx/sur/tianguis_de_milpa_alta_villa_milpa_alta.md  OK Tianguis de Milpa Alta — Villa Milpa Alta [tianguis] (9 comentarios)
  cdmx/sur/tianguis_de_nativitas_xochimilco.md  OK Tianguis de Nativitas — Xochimilco [tianguis] (9 comentarios)
  cdmx/sur/tianguis_de_san_antonio_tecomitl.md  OK Tianguis de San Antonio Tecomitl [tianguis] (9 comentarios)
  cdmx/sur/tianguis_de_san_gregorio_atlapulco.md  OK Tianguis de San Gregorio Atlapulco [tianguis] (9 comentarios)
  cdmx/sur/tianguis_de_san_lorenzo_acopilco_contreras_sur.md  OK Tianguis de San Lorenzo Acopilco — Contreras Sur [tianguis] (9 comentarios)
  cdmx/sur/tianguis_de_san_luis_tlaxialtemalco.md  OK Tianguis de San Luis Tlaxialtemalco [tianguis] (9 comentarios)
  cdmx/sur/tianguis_de_san_pedro_atocpan_mole_y_tradicion.md  OK Tianguis de San Pedro Atocpan — Mole y Tradición [tianguis] (9 comentarios)
  cdmx/sur/tianguis_de_santa_cecilia_tlahuac.md  OK Tianguis de Santa Cecilia Tláhuac [tianguis] (9 comentarios)
  cdmx/sur/tianguis_de_santo_domingo_coyoacan.md  OK Tianguis de Santo Domingo — Coyoacán [tianguis] (9 comentarios)
  cdmx/sur/tianguis_de_tlalpan_centro_historico.md  OK Tianguis de Tlalpan — Centro Histórico [tianguis] (9 comentarios)
  cdmx/sur/tianguis_de_tulyehualco_frutas_y_flores.md  OK Tianguis de Tulyehualco — Frutas y Flores [tianguis] (9 comentarios)
  cdmx/sur/tianguis_de_xochimilco_centro_historico.md  OK Tianguis de Xochimilco — Centro Histórico [tianguis] (9 comentarios)
  edomex/norte_bosques/aculco.md  OK Tianguis Dominical de Aculco — Quesos Artesanales y Casa Hidalgo [tianguis] (10 comentarios)
  edomex/norte_bosques/edomex-045.md  OK Tianguis de Atlacomulco — La Cuna del Poder [tianguis] (5 comentarios)
  edomex/norte_bosques/edomex-046.md  OK Tianguis de Jocotitlán — El Cerro del Jaguar [tianguis] (5 comentarios)
  edomex/norte_bosques/edomex-047.md  OK Tianguis de San Felipe del Progreso — Capital Mazahua [tianguis] (5 comentarios)
  edomex/norte_bosques/el_oro.md  OK Tianguis Dominical de El Oro — Mina Tiro Norte y Minería [tianguis] (10 comentarios)
  edomex/norte_bosques/jilotepec.md  OK Tianguis de Jilotepec — Pulque, Barbacoa y Deportes Extremos [tianguis] (10 comentarios)
  edomex/norte_bosques/polotitlan.md  OK Tianguis de Polotitlán — Puerta de la Sierra Otomí [tianguis] (8 comentarios)
  edomex/norte_bosques/soyaniquilpan.md  OK Tianguis de Soyaniquilpan — Tesoro Otomí del Norte [tianguis] (9 comentarios)
  edomex/norte_bosques/tepotzotlan.md  OK Tianguis Dominical de Tepotzotlán — Museo del Virreinato y Artesanías [tianguis] (10 comentarios)
  edomex/norte_bosques/timilpan.md  OK Tianguis de Timilpan — El Corazón Otomí de la Sierra [tianguis] (9 comentarios)
  edomex/norte_bosques/villa_carbon.md  OK Tianguis de Villa del Carbón — Quesos, Bosques y Tradición Otomí [tianguis] (10 comentarios)
  edomex/oriente/edomex-040.md  OK Tianguis de Chalco — El Sábado de la Paca [tianguis] (5 comentarios)
  edomex/oriente/edomex-041.md  OK Tianguis de Texcoco — Cultura y Comercio Milenario [tianguis] (5 comentarios)
  edomex/oriente/edomex-042.md  OK Tianguis de Teotihuacán — A la Sombra del Sol [tianguis] (5 comentarios)
  edomex/sur_tierra_caliente/amatepec.md  OK Tianguis de Amatepec — El Último Tianguis de la Tierra Caliente [tianguis] (9 comentarios)
  edomex/sur_tierra_caliente/chalma.md  OK Tianguis de Chalma — Santuario y Comunidades Indígenas [tianguis] (10 comentarios)
  edomex/sur_tierra_caliente/malinalco.md  OK Tianguis de Malinalco — Templo Monolítico y Artesanías [tianguis] (10 comentarios)
  edomex/sur_tierra_caliente/tejupilco.md  OK Tianguis de Tejupilco — Puerta de la Tierra Caliente Nahua [tianguis] (9 comentarios)
  edomex/sur_tierra_caliente/zacualpan.md  OK Tianguis de Zacualpan — Minería y Tradición Nahua [tianguis] (8 comentarios)
  edomex/valle_mexico/amecameca.md  OK Tianguis de Amecameca — Puerta de los Volcanes, Sabores Nahuas [tianguis] (10 comentarios)
  edomex/valle_mexico/chalco.md  OK Tianguis de Valle de Chalco — El Sábado de la Ropa de Marca [tianguis] (8 comentarios)
  edomex/valle_mexico/chiconcuac.md  OK Tianguis de Chiconcuac — Ropa y Textiles Artesanales [tianguis] (10 comentarios)
  edomex/valle_mexico/coacalco.md  OK Tianguis de Coacalco — El Gigante del Valle de México [tianguis] (9 comentarios)
  edomex/valle_mexico/ecatepec.md  OK Tianguis de Ecatepec — El Megatianguis del Valle de México [tianguis] (9 comentarios)
  edomex/valle_mexico/ixtapaluca.md  OK Tianguis de Ixtapaluca — Tradición y Comercio Popular [tianguis] (9 comentarios)
  edomex/valle_mexico/neza.md  OK Tianguis de Nezahualcóyotl — Mega Tianguis Urbano [tianguis] (10 comentarios)
  edomex/valle_mexico/otumba.md  OK Tianguis de Otumba — Capital Otomí y Tributo a los Burritos [tianguis] (10 comentarios)
  edomex/valle_mexico/ozumba.md  OK Tianguis de Ozumba — El Más Grande y Antiguo del Edomex [tianguis] (10 comentarios)
  edomex/valle_mexico/texcoco.md  OK Tianguis de Texcoco — Tradición y Comercio Milenario [tianguis] (10 comentarios)
  edomex/valle_toluca/el_piojo.md  OK Tianguis del Piojo y La Pulga — Chácharas y Tesoros [tianguis] (6 comentarios)
  edomex/valle_toluca/ixtapan_sal.md  OK Tianguis de Ixtapan de la Sal — Balnearios y Aguas Termales [tianguis] (3 comentarios)
  edomex/valle_toluca/ixtlahuaca.md  OK Tianguis de Ixtlahuaca — El Lunes de las Comunidades Mazahuas [tianguis] (10 comentarios)
  edomex/valle_toluca/lerma.md  OK Tianguis de Lerma — Sabores Mazahuas a las Puertas de Toluca [tianguis] (9 comentarios)
  edomex/valle_toluca/metepec.md  OK Tianguis Dominical de Metepec — Artesanías y Barro [tianguis] (5 comentarios)
  edomex/valle_toluca/ocoyoacac.md  OK Tianguis de Ocoyoacac — El Mirador de la Sierra Matlatzinca [tianguis] (9 comentarios)
  edomex/valle_toluca/palmillas.md  OK Tianguis de Palmillas — Ropa de Paca y Mayoreo [tianguis] (5 comentarios)
  edomex/valle_toluca/san_mateo_atenco.md  OK Tianguis de San Mateo Atenco — Calzado Artesanal desde 1873 [tianguis] (10 comentarios)
  edomex/valle_toluca/tenancingo.md  OK Mercado Municipal de Tenancingo — Tacos de Obispo [tianguis] (3 comentarios)
  edomex/valle_toluca/tenango_arista.md  OK Tianguis de Tenango de Arista — El Cerro de los Magueyes [tianguis] (9 comentarios)
  edomex/valle_toluca/tenango_valle.md  OK Tianguis de Tenango del Valle — Zona Arqueológica Teotenango [tianguis] (10 comentarios)
  edomex/valle_toluca/tianguistengo.md  OK Tianguis Tradicional de Santiago Tianguistengo [tianguis] (10 comentarios)
  edomex/valle_toluca/tonatico.md  OK Tianguis de Tonatico — Grutas y Balnearios Populares [tianguis] (3 comentarios)
  edomex/valle_toluca/valle_bravo.md  OK Tianguis Dominical de Valle de Bravo — Velo de Novia [tianguis] (3 comentarios)
  edomex/valle_toluca/villa_guerrero.md  OK Tianguis de Villa Guerrero — Capital de la Flor Mazahua [tianguis] (9 comentarios)
  edomex/valle_toluca/zinacantepec.md  OK Mercado de Zinacantepec — Mariscos Frescos de la Región [tianguis] (3 comentarios)
  edomex/zona_metropolitana/edomex-043.md  OK Tianguis de Tultitlán — El Gigante Industrial [tianguis] (5 comentarios)
  edomex/zona_metropolitana/edomex-044.md  OK Tianguis de Nicolás Romero — Bosques y Tradición [tianguis] (5 comentarios)
  hidalgo/huasteca/hgo-007.md  OK Tianguis de Huejutla — La Huasteca Hidalguense [tianguis] (5 comentarios)
  hidalgo/sierra/hgo-003.md  OK Tianguis de Huasca de Ocampo — Pueblo Mágico de los Prismas [tianguis] (5 comentarios)
  hidalgo/sierra/hgo-004.md  OK Tianguis de Real del Monte — Minería y Pastes [tianguis] (5 comentarios)
  hidalgo/sur_norte/hgo-001.md  OK Tianguis de Pachuca — La Bella Airosa [tianguis] (5 comentarios)
  hidalgo/sur_norte/hgo-002.md  OK Tianguis de Tulancingo — Cuna del Futbol Mexicano [tianguis] (5 comentarios)
  hidalgo/sur_norte/hgo-008.md  OK Tianguis de Apan — Tierra del Pulque [tianguis] (5 comentarios)
  hidalgo/valle_mezquital/hgo-005.md  OK Tianguis de Actopan — El Pueblo de los Murales [tianguis] (5 comentarios)
  hidalgo/valle_mezquital/hgo-006.md  OK Tianguis de Ixmiquilpan — La Puerta Otomí [tianguis] (5 comentarios)
  lugares/arqueologicas/za-acatitlan.md  OK Santa Cecilia Acatitlán [lugar] (5 comentarios)
  lugares/arqueologicas/za-cacaxtla.md  OK Zona Arqueológica de Cacaxtla-Xochitécatl [lugar] (5 comentarios)
  lugares/arqueologicas/za-calixtlahuaca.md  OK Zona Arqueológica de Calixtlahuaca [lugar] (5 comentarios)
  lugares/arqueologicas/za-cantona.md  OK Zona Arqueológica de Cantona [lugar] (5 comentarios)
  lugares/arqueologicas/za-cuicuilco.md  OK Zona Arqueológica de Cuicuilco [lugar] (5 comentarios)
  lugares/arqueologicas/za-huapalcalco.md  OK Zona Arqueológica de Huapalcalco [lugar] (5 comentarios)
  lugares/arqueologicas/za-malinalco.md  OK Zona Arqueológica de Malinalco (Cuauhtinchán) [lugar] (5 comentarios)
  lugares/arqueologicas/za-tenayuca.md  OK Zona Arqueológica de Tenayuca [lugar] (5 comentarios)
  lugares/arqueologicas/za-teotenango.md  OK Teotenango (Zona Arqueológica) [lugar] (5 comentarios)
  lugares/arqueologicas/za-teotihuacan.md  OK Zona Arqueológica de Teotihuacán [lugar] (5 comentarios)
  lugares/arqueologicas/za-teposteco.md  OK Zona Arqueológica del Tepozteco [lugar] (5 comentarios)
  lugares/arqueologicas/za-tlatelolco.md  OK Zona Arqueológica de Tlatelolco [lugar] (5 comentarios)
  lugares/arqueologicas/za-tula.md  OK Zona Arqueológica de Tula (Tollan-Xicocotitlán) [lugar] (5 comentarios)
  lugares/arqueologicas/za-xochicalco.md  OK Zona Arqueológica de Xochicalco [lugar] (5 comentarios)
  lugares/balnearios/bc-atlacomulco.md  OK Balneario El Temazcal (Atlacomulco) [lugar] (5 comentarios)
  lugares/balnearios/bc-cacahuamilpa.md  OK Grutas de Cacahuamilpa [lugar] (5 comentarios)
  lugares/balnearios/bc-grutas-estrella.md  OK Grutas de la Estrella [lugar] (5 comentarios)
  lugares/balnearios/bc-ixtapan.md  OK Balneario Ixtapan de la Sal [lugar] (5 comentarios)
  lugares/balnearios/bc-prismas.md  OK Prismas Basálticos [lugar] (5 comentarios)
  lugares/balnearios/bc-salto-chihuahua.md  OK Cascada El Salto (Chihuahua) [lugar] (5 comentarios)
  lugares/balnearios/bc-texcoco.md  OK Cascada de Texcoco (Molino de las Flores) [lugar] (5 comentarios)
  lugares/balnearios/bc-tolantongo.md  OK Grutas de Tolantongo [lugar] (5 comentarios)
  lugares/balnearios/bc-tonatico.md  OK Balneario Tonatico [lugar] (5 comentarios)
  lugares/balnearios/bc-velo-novia.md  OK Cascada Velo de Novia (Valle de Bravo) [lugar] (5 comentarios)
  lugares/miradores/mi-cuetzalan.md  OK Mirador de Cuetzalan (Cerro del Jilguero) [lugar] (5 comentarios)
  lugares/miradores/mi-jocotitlan.md  OK Mirador Cerro del Jaguar (Jocotitlán) [lugar] (5 comentarios)
  lugares/miradores/mi-monarca-rosario.md  OK Santuario de la Mariposa Monarca — El Rosario [lugar] (5 comentarios)
  lugares/miradores/mi-nevado-toluca.md  OK Volcán Nevado de Toluca (Xinantécatl) [lugar] (5 comentarios)
  lugares/miradores/mi-poza-negra.md  OK Poza Negra (Ixtapan de la Sal) [lugar] (5 comentarios)
  lugares/miradores/mi-san-miguel-vb.md  OK Mirador de San Miguel (Valle de Bravo) [lugar] (5 comentarios)
  lugares/miradores/mi-tlatlauqui.md  OK Mirador de Tlatlauquitepec (Peña del Águila) [lugar] (5 comentarios)
  lugares/miradores/mi-zacatlan.md  OK Mirador de Zacatlán (Cerro de las Antenas) [lugar] (5 comentarios)
  lugares/otomi/co-chapa-moto.md  OK San Bartolo Morelos (Comunidad Otomí) [lugar] (5 comentarios)
  lugares/otomi/co-ijiquilco.md  OK Jiquipilco (Zona Otomí) [lugar] (5 comentarios)
  lugares/otomi/co-san-felipe.md  OK San Felipe del Progreso (Capital Mazahua) [lugar] (5 comentarios)
  lugares/otomi/co-temoaya-tapetes.md  OK Temoaya (Tapetes Otomíes) [lugar] (5 comentarios)
  lugares/otomi/co-temoaya.md  OK Centro Ceremonial Otomí (Temoaya) [lugar] (5 comentarios)
  lugares/otomi/co-xonacatlan.md  OK Xonacatlán (Mercado Otomí) [lugar] (5 comentarios)
  lugares/pueblos/pt-aculco-pueblo.md  OK Aculco [lugar] (5 comentarios)
  lugares/pueblos/pt-chalma-santuario.md  OK Santuario del Señor de Chalma [lugar] (5 comentarios)
  lugares/pueblos/pt-chignahuapan.md  OK Chignahuapan [lugar] (5 comentarios)
  lugares/pueblos/pt-cuetzalan.md  OK Cuetzalan [lugar] (5 comentarios)
  lugares/pueblos/pt-el-oro.md  OK El Oro [lugar] (5 comentarios)
  lugares/pueblos/pt-huamantla.md  OK Huamantla [lugar] (5 comentarios)
  lugares/pueblos/pt-huasca.md  OK Huasca de Ocampo [lugar] (5 comentarios)
  lugares/pueblos/pt-malinalco-pueblo.md  OK Malinalco [lugar] (5 comentarios)
  lugares/pueblos/pt-metepec.md  OK Metepec [lugar] (5 comentarios)
  lugares/pueblos/pt-pahualtlan.md  OK Pahuatlán [lugar] (5 comentarios)
  lugares/pueblos/pt-patacuaro-pueblo.md  OK Pátzcuaro [lugar] (5 comentarios)
  lugares/pueblos/pt-real-monte.md  OK Real del Monte [lugar] (5 comentarios)
  lugares/pueblos/pt-tepotzotlan.md  OK Tepotzotlán [lugar] (5 comentarios)
  lugares/pueblos/pt-tepozlan-pueblo.md  OK Tepoztlán [lugar] (5 comentarios)
  lugares/pueblos/pt-tlaxco-pueblo.md  OK Tlaxco [lugar] (5 comentarios)
  lugares/pueblos/pt-valle-bravo.md  OK Valle de Bravo [lugar] (5 comentarios)
  lugares/pueblos/pt-villa-carbon.md  OK Villa del Carbón [lugar] (5 comentarios)
  lugares/pueblos/pt-xicotepec.md  OK Xicotepec [lugar] (5 comentarios)
  lugares/pueblos/pt-zacatlan.md  OK Zacatlán [lugar] (5 comentarios)
  michoacan/costa/mich-007.md  OK Tianguis de Lázaro Cárdenas — La Costa Michoacana [tianguis] (5 comentarios)
  michoacan/lago_patzcuaro/mich-001.md  OK Tianguis de Pátzcuaro — Trueque Purépecha [tianguis] (5 comentarios)
  michoacan/lago_patzcuaro/mich-004.md  OK Tianguis de Santa Clara del Cobre — Martillo y Yunque [tianguis] (5 comentarios)
  michoacan/meseta_purhepecha/mich-002.md  OK Tianguis Artesanal de Uruapan — Domingo de Ramos [tianguis] (5 comentarios)
  michoacan/meseta_purhepecha/mich-003.md  OK Tianguis de Morelia — El Acueducto y el Trueque [tianguis] (5 comentarios)
  michoacan/meseta_purhepecha/mich-006.md  OK Tianguis de Zitácuaro — El Oriente Michoacano [tianguis] (5 comentarios)
  michoacan/meseta_purhepecha/mich-008.md  OK Mercado de Artesanías de Capula — La Capilla del Cobre [tianguis] (5 comentarios)
  michoacan/meseta_purhepecha/mich-009.md  OK Tianguis de Tacámbaro — Café de Altura [tianguis] (5 comentarios)
  michoacan/tierra_caliente/mich-005.md  OK Tianguis de Apatzingán — La Tierra Caliente [tianguis] (5 comentarios)
  michoacan/tierra_caliente/mich-010.md  OK Tianguis de Huetamo — El Último Baluarte de la Tierra Caliente [tianguis] (5 comentarios)
  morelos/altiplano/mor-001.md  OK Mercado de Tepoztlán — El Pueblo Mágico del Tepozteco [tianguis] (5 comentarios)
  morelos/altiplano/mor-002.md  OK Tianguis de Cuautla — El Corazón del Oriente Morelense [tianguis] (5 comentarios)
  morelos/altiplano/mor-003.md  OK Tianguis de Cuernavaca — La Ciudad de la Eterna Primavera [tianguis] (5 comentarios)
  morelos/altiplano/mor-004.md  OK Tianguis de Xochitepec — Tierra de Caña y Piloncillo [tianguis] (5 comentarios)
  morelos/altiplano/mor-005.md  OK Tianguis de Yautepec — El Pueblo del Pan [tianguis] (5 comentarios)
  morelos/altiplano/mor-007.md  OK Tianguis de Tlayacapan — Barro y Tradición [tianguis] (5 comentarios)
  morelos/sur_norte/mor-006.md  OK Tianguis de Jojutla — La Puerta Sur de Morelos [tianguis] (5 comentarios)
  puebla/mixteca/pue-009.md  OK Tianguis de Izúcar de Matamoros — La Mixteca Poblana [tianguis] (5 comentarios)
  puebla/mixteca/pue-010.md  OK Tianguis de Acatlán de Osorio — Palma y Tradición [tianguis] (5 comentarios)
  puebla/mixteca/tianguis_de_tianguis_de_ajalpan.md  OK Tianguis de Ajalpan [tianguis] (4 comentarios)
  puebla/mixteca/tianguis_de_tianguis_de_chiautla_de_tapia.md  OK Tianguis de Chiautla de Tapia [tianguis] (4 comentarios)
  puebla/mixteca/tianguis_de_tianguis_de_izucar_de_matamoros.md  OK Tianguis de Izúcar de Matamoros [tianguis] (5 comentarios)
  puebla/mixteca/tianguis_de_tianguis_de_san_gabriel_chilac.md  OK Tianguis de San Gabriel Chilac [tianguis] (4 comentarios)
  puebla/mixteca/tianguis_de_tianguis_de_tepexi_de_rodriguez.md  OK Tianguis de Tepexi de Rodríguez [tianguis] (4 comentarios)
  puebla/mixteca/tianguis_de_tianguis_de_zapotitlan_salinas.md  OK Tianguis de Zapotitlán Salinas [tianguis] (4 comentarios)
  puebla/mixteca/tianguis_de_tianguis_dominical_de_acatlan_de_osorio.md  OK Tianguis Dominical de Acatlán de Osorio [tianguis] (6 comentarios)
  puebla/mixteca/tianguis_de_tianguis_dominical_de_coyomeapan.md  OK Tianguis Dominical de Coyomeapan [tianguis] (5 comentarios)
  puebla/mixteca/tianguis_de_tianguis_dominical_de_tehuacan.md  OK Tianguis Dominical de Tehuacán [tianguis] (5 comentarios)
  puebla/mixteca/tianguis_de_tianguis_dominical_de_tehuitzingo.md  OK Tianguis Dominical de Tehuitzingo [tianguis] (4 comentarios)
  puebla/mixteca/tianguis_de_tianguis_dominical_de_tepeaca.md  OK Tianguis Dominical de Tepeaca [tianguis] (4 comentarios)
  puebla/mixteca/tianguis_de_tianguis_sabatino_de_tecamachalco.md  OK Tianguis Sabatino de Tecamachalco [tianguis] (4 comentarios)
  puebla/sierra_norte/pue-001.md  OK Tianguis Dominical de Cuetzalan — Corazón Totonaca [tianguis] (5 comentarios)
  puebla/sierra_norte/pue-002.md  OK Tianguis de Huauchinango — Flores y Café de la Sierra [tianguis] (5 comentarios)
  puebla/sierra_norte/pue-003.md  OK Tianguis de Xicotepec — Café y Tradición [tianguis] (5 comentarios)
  puebla/sierra_norte/pue-004.md  OK Tianguis de Zacatlán — Manzanas y Quesos [tianguis] (5 comentarios)
  puebla/sierra_norte/pue-005.md  OK Tianguis de Pahuatlán — Pueblo Mágico Otomí [tianguis] (5 comentarios)
  puebla/sierra_norte/tianguis_de_tianguis_de_ahuazotepec.md  OK Tianguis de Ahuazotepec [tianguis] (4 comentarios)
  puebla/sierra_norte/tianguis_de_tianguis_de_chignahuapan.md  OK Tianguis de Chignahuapan [tianguis] (5 comentarios)
  puebla/sierra_norte/tianguis_de_tianguis_de_san_pablito_pahuatlan.md  OK Tianguis de San Pablito, Pahuatlán [tianguis] (5 comentarios)
  puebla/sierra_norte/tianguis_de_tianguis_de_tetela_de_ocampo.md  OK Tianguis de Tetela de Ocampo [tianguis] (5 comentarios)
  puebla/sierra_norte/tianguis_de_tianguis_de_teziutlan.md  OK Tianguis de Teziutlán [tianguis] (5 comentarios)
  puebla/sierra_norte/tianguis_de_tianguis_de_tlatlauquitepec.md  OK Tianguis de Tlatlauquitepec [tianguis] (5 comentarios)
  puebla/sierra_norte/tianguis_de_tianguis_de_xicotepec_de_juarez.md  OK Tianguis de Xicotepec de Juárez [tianguis] (6 comentarios)
  puebla/sierra_norte/tianguis_de_tianguis_de_zacapoaxtla.md  OK Tianguis de Zacapoaxtla [tianguis] (5 comentarios)
  puebla/sierra_norte/tianguis_de_tianguis_dominical_de_cuetzalan.md  OK Tianguis Dominical de Cuetzalan [tianguis] (9 comentarios)
  puebla/sierra_norte/tianguis_de_tianguis_dominical_de_pahuatlan.md  OK Tianguis Dominical de Pahuatlán [tianguis] (5 comentarios)
  puebla/sierra_norte/tianguis_de_tianguis_dominical_de_zacatlan.md  OK Tianguis Dominical de Zacatlán [tianguis] (5 comentarios)
  puebla/sierra_norte/tianguis_de_tianguis_sabatino_de_huauchinango.md  OK Tianguis Sabatino de Huauchinango [tianguis] (5 comentarios)
  puebla/sierra_norte/tianguis_de_zongozotla.md  OK Tianguis de Zongozotla [tianguis] (5 comentarios)
  puebla/valle_serdan/pue-006.md  OK Mercado de Cholula — Los Portales Milenarios [tianguis] (5 comentarios)
  puebla/valle_serdan/pue-007.md  OK Tianguis de Atlixco — El Valle de las Flores [tianguis] (5 comentarios)
  puebla/valle_serdan/pue-008.md  OK Tianguis de Tehuacán — El Oasis Mixteco [tianguis] (5 comentarios)
  puebla/valle_serdan/tianguis_de_tianguis_capu_puebla.md  OK Tianguis CAPU, Puebla [tianguis] (3 comentarios)
  puebla/valle_serdan/tianguis_de_tianguis_de_analco_barrio_de_artesanos.md  OK Tianguis de Analco — Barrio de Artesanos [tianguis] (5 comentarios)
  puebla/valle_serdan/tianguis_de_tianguis_de_atlixco.md  OK Tianguis de Atlixco [tianguis] (6 comentarios)
  puebla/valle_serdan/tianguis_de_tianguis_de_la_libertad_puebla.md  OK Tianguis de La Libertad, Puebla [tianguis] (5 comentarios)
  puebla/valle_serdan/tianguis_de_tianguis_de_las_vias_cholula.md  OK Tianguis de Las Vías, Cholula [tianguis] (4 comentarios)
  puebla/valle_serdan/tianguis_de_tianguis_de_loma_bella_puebla.md  OK Tianguis de Loma Bella, Puebla [tianguis] (4 comentarios)
  puebla/valle_serdan/tianguis_de_tianguis_de_puebla_7_sur.md  OK Tianguis de Puebla 7 Sur [tianguis] (3 comentarios)
  puebla/valle_serdan/tianguis_de_tianguis_de_san_martin_texmelucan.md  OK Tianguis de San Martín Texmelucan [tianguis] (8 comentarios)
  puebla/valle_serdan/tianguis_de_tianguis_de_san_ramon_la_curva_puebla.md  OK Tianguis de San Ramón — La Curva, Puebla [tianguis] (5 comentarios)
  puebla/valle_serdan/tianguis_de_tianguis_de_santa_maria_xixitla_cholula.md  OK Tianguis de Santa María Xixitla, Cholula [tianguis] (6 comentarios)
  puebla/valle_serdan/tianguis_de_tianguis_del_trueque_de_san_pedro_cholula.md  OK Tianguis del Trueque de San Pedro Cholula [tianguis] (6 comentarios)
  puebla/valle_serdan/tianguis_de_tianguis_los_lavaderos_puebla.md  OK Tianguis Los Lavaderos, Puebla [tianguis] (6 comentarios)
  puebla/valle_serdan/tianguis_de_tianguis_tameme_organico_y_artesanal_puebla.md  OK Tianguis TAMEME — Orgánico y Artesanal, Puebla [tianguis] (4 comentarios)
  tlaxcala/centro/tlx-001.md  OK Tianguis de Tlaxcala Capital — La Ciudad de las Artesanías [tianguis] (5 comentarios)
  tlaxcala/centro/tlx-002.md  OK Tianguis de Huamantla — La Noche que Nadie Duerme [tianguis] (5 comentarios)
  tlaxcala/centro/tlx-003.md  OK Tianguis de Apizaco — El Nudo Ferrocarrilero [tianguis] (5 comentarios)
  tlaxcala/centro/tlx-005.md  OK Tianguis de Chiautempan — Los Sarapes de Tlaxcala [tianguis] (5 comentarios)
  tlaxcala/sur_norte/tlx-004.md  OK Tianguis de Tlaxco — Queso y Vino en la Sierra [tianguis] (5 comentarios)

OK: 259 lugares total, 1269 comentarios, 685,981 bytes
  Por tipo: tianguis: 202, lugar: 57
  Assets copiados a dist/
[2026-05-24 00:26:06] Build completado exitosamente
[2026-05-24 00:26:06] Copiando dist/data.json → public/data.json
[2026-05-24 00:26:06] Verificando integridad del JSON...
  Lugares: 259
  Tipos: {'tianguis': 202, 'lugar': 57}
  Generado: 2026-05-24T00:26:06.016766
  ADVERTENCIA: 22 IDs duplicados: ['MX-CDMX-001', 'MX-CDMX-002', 'MX-CDMX-003', 'MX-CDMX-004', 'MX-CDMX-005']...
[2026-05-24 00:26:06] === Build & Deploy completado ===
